<?xml version="1.0" encoding="UTF-8"?>
<!-- Generated by org.testng.reporters.JUnitXMLReporter -->
<testsuite ignored="0" hostname="owners-MacBook-Pro.local" failures="0" tests="2" name="Default test" time="9.311" errors="0" timestamp="2022-05-12T18:48:12 EDT">
  <testcase classname="io.cucumber.testng.AbstractTestNGCucumberTests" name="runScenario" time="4.715"/>
  <testcase classname="io.cucumber.testng.AbstractTestNGCucumberTests" name="runScenario" time="4.386"/>
</testsuite> <!-- Default test -->
